0 info it worked if it ends with ok
1 verbose cli [ 'node', '/usr/local/bin/npm', 'install', 'express' ]
2 info using npm@1.4.28
3 info using node@v0.10.36
4 warn package.json chat@0.0.1 No repository field.
5 warn package.json chat@0.0.1 No README data
6 verbose readDependencies using package.json deps
7 verbose cache add [ 'express@^4.9.3', null ]
8 verbose cache add name=undefined spec="express@^4.9.3" args=["express@^4.9.3",null]
9 verbose parsed url { protocol: null,
9 verbose parsed url   slashes: null,
9 verbose parsed url   auth: null,
9 verbose parsed url   host: null,
9 verbose parsed url   port: null,
9 verbose parsed url   hostname: null,
9 verbose parsed url   hash: null,
9 verbose parsed url   search: null,
9 verbose parsed url   query: null,
9 verbose parsed url   pathname: 'express@^4.9.3',
9 verbose parsed url   path: 'express@^4.9.3',
9 verbose parsed url   href: 'express@^4.9.3' }
10 verbose cache add name="express" spec="^4.9.3" args=["express","^4.9.3"]
11 verbose parsed url { protocol: null,
11 verbose parsed url   slashes: null,
11 verbose parsed url   auth: null,
11 verbose parsed url   host: null,
11 verbose parsed url   port: null,
11 verbose parsed url   hostname: null,
11 verbose parsed url   hash: null,
11 verbose parsed url   search: null,
11 verbose parsed url   query: null,
11 verbose parsed url   pathname: '^4.9.3',
11 verbose parsed url   path: '^4.9.3',
11 verbose parsed url   href: '^4.9.3' }
12 verbose addNamed [ 'express', '^4.9.3' ]
13 verbose addNamed [ null, '>=4.9.3-0 <5.0.0-0' ]
14 silly lockFile 63ebed3b-express-4-9-3 express@^4.9.3
15 verbose lock express@^4.9.3 /Users/timwasson/.npm/63ebed3b-express-4-9-3.lock
16 silly addNameRange { name: 'express', range: '>=4.9.3-0 <5.0.0-0', hasData: false }
17 verbose request where is /express
18 verbose request registry https://registry.npmjs.org/
19 verbose request id 9efb715548d9fc2e
20 verbose url raw /express
21 verbose url resolving [ 'https://registry.npmjs.org/', './express' ]
22 verbose url resolved https://registry.npmjs.org/express
23 verbose request where is https://registry.npmjs.org/express
24 info trying registry request attempt 1 at 15:11:49
25 verbose etag "8L4BMM94H7BR56RDBGQLEZTW"
26 http GET https://registry.npmjs.org/express
27 http 200 https://registry.npmjs.org/express
28 silly registry.get cb [ 200,
28 silly registry.get   { server: 'CouchDB/1.5.0 (Erlang OTP/R16B03)',
28 silly registry.get     etag: '"AZQDT0UV3A6HNTEIBFF4Z45ZB"',
28 silly registry.get     'content-type': 'application/json',
28 silly registry.get     'cache-control': 'max-age=60',
28 silly registry.get     'content-length': '506011',
28 silly registry.get     'accept-ranges': 'bytes',
28 silly registry.get     date: 'Tue, 23 Jun 2015 20:11:49 GMT',
28 silly registry.get     via: '1.1 varnish',
28 silly registry.get     age: '33',
28 silly registry.get     connection: 'keep-alive',
28 silly registry.get     'x-served-by': 'cache-ord1735-ORD',
28 silly registry.get     'x-cache': 'HIT',
28 silly registry.get     'x-cache-hits': '1',
28 silly registry.get     'x-timer': 'S1435090309.560318,VS0,VE3',
28 silly registry.get     vary: 'Accept' } ]
29 silly addNameRange number 2 { name: 'express', range: '>=4.9.3-0 <5.0.0-0', hasData: true }
30 silly addNameRange versions [ 'express',
30 silly addNameRange   [ '0.14.0',
30 silly addNameRange     '0.14.1',
30 silly addNameRange     '1.0.0',
30 silly addNameRange     '1.0.1',
30 silly addNameRange     '1.0.2',
30 silly addNameRange     '1.0.3',
30 silly addNameRange     '1.0.4',
30 silly addNameRange     '1.0.5',
30 silly addNameRange     '1.0.6',
30 silly addNameRange     '1.0.7',
30 silly addNameRange     '1.0.8',
30 silly addNameRange     '2.0.0',
30 silly addNameRange     '2.1.0',
30 silly addNameRange     '2.1.1',
30 silly addNameRange     '2.2.0',
30 silly addNameRange     '2.2.1',
30 silly addNameRange     '2.2.2',
30 silly addNameRange     '2.3.0',
30 silly addNameRange     '2.3.1',
30 silly addNameRange     '2.3.2',
30 silly addNameRange     '2.3.3',
30 silly addNameRange     '2.3.4',
30 silly addNameRange     '2.3.5',
30 silly addNameRange     '2.3.6',
30 silly addNameRange     '2.3.7',
30 silly addNameRange     '2.3.8',
30 silly addNameRange     '2.3.9',
30 silly addNameRange     '2.3.10',
30 silly addNameRange     '2.3.11',
30 silly addNameRange     '2.3.12',
30 silly addNameRange     '2.4.0',
30 silly addNameRange     '2.4.1',
30 silly addNameRange     '2.4.2',
30 silly addNameRange     '2.4.3',
30 silly addNameRange     '2.4.4',
30 silly addNameRange     '2.4.5',
30 silly addNameRange     '2.4.6',
30 silly addNameRange     '2.4.7',
30 silly addNameRange     '2.5.0',
30 silly addNameRange     '2.5.1',
30 silly addNameRange     '2.5.2',
30 silly addNameRange     '2.5.3',
30 silly addNameRange     '2.5.4',
30 silly addNameRange     '2.5.5',
30 silly addNameRange     '2.5.6',
30 silly addNameRange     '2.5.7',
30 silly addNameRange     '2.5.8',
30 silly addNameRange     '2.5.9',
30 silly addNameRange     '2.5.10',
30 silly addNameRange     '2.5.11',
30 silly addNameRange     '3.0.0',
30 silly addNameRange     '3.0.1',
30 silly addNameRange     '3.0.2',
30 silly addNameRange     '3.0.3',
30 silly addNameRange     '3.0.4',
30 silly addNameRange     '3.0.5',
30 silly addNameRange     '3.0.6',
30 silly addNameRange     '3.1.0',
30 silly addNameRange     '3.1.1',
30 silly addNameRange     '3.1.2',
30 silly addNameRange     '3.2.0',
30 silly addNameRange     '3.2.1',
30 silly addNameRange     '3.2.2',
30 silly addNameRange     '3.2.3',
30 silly addNameRange     '3.2.4',
30 silly addNameRange     '3.2.5',
30 silly addNameRange     '3.2.6',
30 silly addNameRange     '3.3.0',
30 silly addNameRange     '3.3.1',
30 silly addNameRange     '3.3.2',
30 silly addNameRange     '3.3.3',
30 silly addNameRange     '3.3.4',
30 silly addNameRange     '3.3.5',
30 silly addNameRange     '3.3.6',
30 silly addNameRange     '1.0.0-beta',
30 silly addNameRange     '1.0.0-beta2',
30 silly addNameRange     '1.0.0-rc',
30 silly addNameRange     '1.0.0-rc2',
30 silly addNameRange     '1.0.0-rc3',
30 silly addNameRange     '1.0.0-rc4',
30 silly addNameRange     '2.0.0-beta',
30 silly addNameRange     '2.0.0-beta2',
30 silly addNameRange     '2.0.0-beta3',
30 silly addNameRange     '2.0.0-rc',
30 silly addNameRange     '2.0.0-rc2',
30 silly addNameRange     '2.0.0-rc3',
30 silly addNameRange     '3.0.0-alpha1',
30 silly addNameRange     '3.0.0-alpha2',
30 silly addNameRange     '3.0.0-alpha3',
30 silly addNameRange     '3.0.0-alpha4',
30 silly addNameRange     '3.0.0-alpha5',
30 silly addNameRange     '3.0.0-beta1',
30 silly addNameRange     '3.0.0-beta2',
30 silly addNameRange     '3.0.0-beta3',
30 silly addNameRange     '3.0.0-beta4',
30 silly addNameRange     '3.0.0-beta6',
30 silly addNameRange     '3.0.0-beta7',
30 silly addNameRange     '3.0.0-rc1',
30 silly addNameRange     '3.0.0-rc2',
30 silly addNameRange     '3.0.0-rc3',
30 silly addNameRange     '3.0.0-rc4',
30 silly addNameRange     '3.0.0-rc5',
30 silly addNameRange     '3.3.7',
30 silly addNameRange     '3.3.8',
30 silly addNameRange     '3.4.0',
30 silly addNameRange     '3.4.1',
30 silly addNameRange     '3.4.2',
30 silly addNameRange     '3.4.3',
30 silly addNameRange     '3.4.4',
30 silly addNameRange     '3.4.5',
30 silly addNameRange     '3.4.6',
30 silly addNameRange     '3.4.7',
30 silly addNameRange     '3.4.8',
30 silly addNameRange     '4.0.0-rc1',
30 silly addNameRange     '4.0.0-rc2',
30 silly addNameRange     '3.5.0',
30 silly addNameRange     '4.0.0-rc3',
30 silly addNameRange     '4.0.0-rc4',
30 silly addNameRange     '3.5.1',
30 silly addNameRange     '4.0.0',
30 silly addNameRange     '3.5.2',
30 silly addNameRange     '4.1.0',
30 silly addNameRange     '4.1.1',
30 silly addNameRange     '3.5.3',
30 silly addNameRange     '4.1.2',
30 silly addNameRange     '3.6.0',
30 silly addNameRange     '4.2.0',
30 silly addNameRange     '3.7.0',
30 silly addNameRange     '3.8.0',
30 silly addNameRange     '4.3.0',
30 silly addNameRange     '4.3.1',
30 silly addNameRange     '3.8.1',
30 silly addNameRange     '4.3.2',
30 silly addNameRange     '3.9.0',
30 silly addNameRange     '4.4.0',
30 silly addNameRange     '4.4.1',
30 silly addNameRange     '3.10.0',
30 silly addNameRange     '3.10.1',
30 silly addNameRange     '3.10.2',
30 silly addNameRange     '3.10.3',
30 silly addNameRange     '3.10.4',
30 silly addNameRange     '4.4.2',
30 silly addNameRange     '3.10.5',
30 silly addNameRange     '4.4.3',
30 silly addNameRange     '3.11.0',
30 silly addNameRange     '4.4.4',
30 silly addNameRange     '3.12.0',
30 silly addNameRange     '3.12.1',
30 silly addNameRange     '4.4.5',
30 silly addNameRange     '3.13.0',
30 silly addNameRange     '4.5.0',
30 silly addNameRange     '4.5.1',
30 silly addNameRange     '3.14.0',
30 silly addNameRange     '4.6.0',
30 silly addNameRange     '4.6.1',
30 silly addNameRange     '3.15.0',
30 silly addNameRange     '4.7.0',
30 silly addNameRange     '3.15.1',
30 silly addNameRange     '4.7.1',
30 silly addNameRange     '3.15.2',
30 silly addNameRange     '4.7.2',
30 silly addNameRange     '4.7.3',
30 silly addNameRange     '3.15.3',
30 silly addNameRange     '4.7.4',
30 silly addNameRange     '3.16.0',
30 silly addNameRange     '4.8.0',
30 silly addNameRange     '3.16.1',
30 silly addNameRange     '4.8.1',
30 silly addNameRange     '3.16.2',
30 silly addNameRange     '4.8.2',
30 silly addNameRange     '3.16.3',
30 silly addNameRange     '3.16.4',
30 silly addNameRange     '4.8.3',
30 silly addNameRange     '3.16.5',
30 silly addNameRange     '3.16.6',
30 silly addNameRange     '4.8.4',
30 silly addNameRange     '3.16.7',
30 silly addNameRange     '4.8.5',
30 silly addNameRange     '3.16.8',
30 silly addNameRange     '4.8.6',
30 silly addNameRange     '3.16.9',
30 silly addNameRange     '4.8.7',
30 silly addNameRange     '3.16.10',
30 silly addNameRange     '4.8.8',
30 silly addNameRange     '3.17.0',
30 silly addNameRange     '3.17.1',
30 silly addNameRange     '4.9.0',
30 silly addNameRange     '3.17.2',
30 silly addNameRange     '4.9.1',
30 silly addNameRange     '4.9.2',
30 silly addNameRange     '3.17.3',
30 silly addNameRange     '4.9.3',
30 silly addNameRange     '3.17.4',
30 silly addNameRange     '4.9.4',
30 silly addNameRange     '3.17.5',
30 silly addNameRange     '4.9.5',
30 silly addNameRange     '3.17.6',
30 silly addNameRange     '3.17.7',
30 silly addNameRange     '4.9.6',
30 silly addNameRange     '4.9.7',
30 silly addNameRange     '3.17.8',
30 silly addNameRange     '4.9.8',
30 silly addNameRange     '3.18.0',
30 silly addNameRange     '3.18.1',
30 silly addNameRange     '4.10.0',
30 silly addNameRange     '3.18.2',
30 silly addNameRange     '4.10.1',
30 silly addNameRange     '5.0.0-alpha.1',
30 silly addNameRange     '3.18.3',
30 silly addNameRange     '4.10.2',
30 silly addNameRange     '3.18.4',
30 silly addNameRange     '4.10.3',
30 silly addNameRange     '4.10.4',
30 silly addNameRange     '4.10.5',
30 silly addNameRange     '3.18.5',
30 silly addNameRange     '3.18.6',
30 silly addNameRange     '4.10.6',
30 silly addNameRange     '4.10.7',
30 silly addNameRange     '3.19.0',
30 silly addNameRange     '4.10.8',
30 silly addNameRange     '4.11.0',
30 silly addNameRange     '3.19.1',
30 silly addNameRange     '4.11.1',
30 silly addNameRange     '3.19.2',
30 silly addNameRange     '4.11.2',
30 silly addNameRange     '3.20.0',
30 silly addNameRange     '4.12.0',
30 silly addNameRange     '3.20.1',
30 silly addNameRange     '4.12.1',
30 silly addNameRange     '4.12.2',
30 silly addNameRange     '3.20.2',
30 silly addNameRange     '4.12.3',
30 silly addNameRange     '3.20.3',
30 silly addNameRange     '4.12.4',
30 silly addNameRange     '3.21.0',
30 silly addNameRange     '4.13.0' ] ]
31 verbose addNamed [ 'express', '4.13.0' ]
32 verbose addNamed [ '4.13.0', '4.13.0' ]
33 silly lockFile 52804fb9-express-4-13-0 express@4.13.0
34 verbose lock express@4.13.0 /Users/timwasson/.npm/52804fb9-express-4-13-0.lock
35 silly lockFile a6a74ed1-s-org-express-express-4-13-0-tgz https://registry.npmjs.org/express/-/express-4.13.0.tgz
36 verbose lock https://registry.npmjs.org/express/-/express-4.13.0.tgz /Users/timwasson/.npm/a6a74ed1-s-org-express-express-4-13-0-tgz.lock
37 verbose addRemoteTarball [ 'https://registry.npmjs.org/express/-/express-4.13.0.tgz',
37 verbose addRemoteTarball   '0678bdbc72715170b3fcc917052f046cb9689add' ]
38 info retry fetch attempt 1 at 15:11:49
39 verbose fetch to= /var/folders/0b/62z29cdd7qn0rsrv2ytwbt3w0000gn/T/npm-6311-NTijGoDa/registry.npmjs.org/express/-/express-4.13.0.tgz
40 http GET https://registry.npmjs.org/express/-/express-4.13.0.tgz
41 http 200 https://registry.npmjs.org/express/-/express-4.13.0.tgz
42 silly lockFile a6a74ed1-s-org-express-express-4-13-0-tgz https://registry.npmjs.org/express/-/express-4.13.0.tgz
43 silly lockFile a6a74ed1-s-org-express-express-4-13-0-tgz https://registry.npmjs.org/express/-/express-4.13.0.tgz
44 silly lockFile 52804fb9-express-4-13-0 express@4.13.0
45 silly lockFile 52804fb9-express-4-13-0 express@4.13.0
46 silly lockFile 63ebed3b-express-4-9-3 express@^4.9.3
47 silly lockFile 63ebed3b-express-4-9-3 express@^4.9.3
48 error Error: EACCES, mkdir '/Users/timwasson/.npm/express/4.13.0'
48 error  { [Error: EACCES, mkdir '/Users/timwasson/.npm/express/4.13.0']
48 error   errno: 3,
48 error   code: 'EACCES',
48 error   path: '/Users/timwasson/.npm/express/4.13.0',
48 error   parent: 'chat' }
49 error Please try running this command again as root/Administrator.
50 error System Darwin 14.3.0
51 error command "node" "/usr/local/bin/npm" "install" "express"
52 error cwd /Users/timwasson/Google Drive/PersonalProjects/nodejs/nodejs-chatroom
53 error node -v v0.10.36
54 error npm -v 1.4.28
55 error path /Users/timwasson/.npm/express/4.13.0
56 error code EACCES
57 error errno 3
58 error stack Error: EACCES, mkdir '/Users/timwasson/.npm/express/4.13.0'
59 verbose exit [ 3, true ]
